# JRE version: OpenJDK Runtime Environment (11.0.10) (build 11.0.10+0-b96-7249189)
# Java VM: OpenJDK 64-Bit Server VM (11.0.10+0-b96-7249189, mixed mode, tiered, compressed oops, g1 gc, windows-amd64)
Heap:
 garbage-first heap   total 174080K, used 107849K [0x0000000082800000, 0x0000000100000000)
  region size 1024K, 75 young (76800K), 9 survivors (9216K)
 Metaspace       used 69360K, capacity 70087K, committed 70224K, reserved 1112064K
  class space    used 8021K, capacity 8334K, committed 8448K, reserved 1048576K
GC Heap History (14 events):
Event: 0.554 GC heap before
{Heap before GC invocations=0 (full 0):
 garbage-first heap   total 129024K, used 27648K [0x0000000082800000, 0x0000000100000000)
  region size 1024K, 24 young (24576K), 0 survivors (0K)
 Metaspace       used 12336K, capacity 12501K, committed 12800K, reserved 1060864K
  class space    used 1163K, capacity 1206K, committed 1280K, reserved 1048576K
}
Event: 0.558 GC heap after
{Heap after GC invocations=1 (full 0):
 garbage-first heap   total 129024K, used 5789K [0x0000000082800000, 0x0000000100000000)
  region size 1024K, 3 young (3072K), 3 survivors (3072K)
 Metaspace       used 12336K, capacity 12501K, committed 12800K, reserved 1060864K
  class space    used 1163K, capacity 1206K, committed 1280K, reserved 1048576K
}
Event: 1.279 GC heap before
{Heap before GC invocations=1 (full 0):
 garbage-first heap   total 129024K, used 40605K [0x0000000082800000, 0x0000000100000000)
  region size 1024K, 38 young (38912K), 3 survivors (3072K)
 Metaspace       used 20886K, capacity 21087K, committed 21296K, reserved 1069056K
  class space    used 2217K, capacity 2312K, committed 2432K, reserved 1048576K
}
Event: 1.295 GC heap after
{Heap after GC invocations=2 (full 0):
 garbage-first heap   total 129024K, used 9095K [0x0000000082800000, 0x0000000100000000)
  region size 1024K, 6 young (6144K), 6 survivors (6144K)
 Metaspace       used 20886K, capacity 21087K, committed 21296K, reserved 1069056K
  class space    used 2217K, capacity 2312K, committed 2432K, reserved 1048576K
}
Event: 2.243 GC heap before
{Heap before GC invocations=3 (full 0):
 garbage-first heap   total 129024K, used 62343K [0x0000000082800000, 0x0000000100000000)
  region size 1024K, 53 young (54272K), 6 survivors (6144K)
 Metaspace       used 32479K, capacity 32912K, committed 33200K, reserved 1079296K
  class space    used 4078K, capacity 4245K, committed 4352K, reserved 1048576K
}
Event: 2.267 GC heap after
{Heap after GC invocations=4 (full 0):
 garbage-first heap   total 129024K, used 20023K [0x0000000082800000, 0x0000000100000000)
  region size 1024K, 7 young (7168K), 7 survivors (7168K)
 Metaspace       used 32479K, capacity 32912K, committed 33200K, reserved 1079296K
  class space    used 4078K, capacity 4245K, committed 4352K, reserved 1048576K
}
Event: 2.532 GC heap before
{Heap before GC invocations=4 (full 0):
 garbage-first heap   total 129024K, used 34359K [0x0000000082800000, 0x0000000100000000)
  region size 1024K, 22 young (22528K), 7 survivors (7168K)
 Metaspace       used 35375K, capacity 35826K, committed 35920K, reserved 1081344K
  class space    used 4385K, capacity 4575K, committed 4608K, reserved 1048576K
}
Event: 2.558 GC heap after
{Heap after GC invocations=5 (full 0):
 garbage-first heap   total 129024K, used 22204K [0x0000000082800000, 0x0000000100000000)
  region size 1024K, 2 young (2048K), 2 survivors (2048K)
 Metaspace       used 35375K, capacity 35826K, committed 35920K, reserved 1081344K
  class space    used 4385K, capacity 4575K, committed 4608K, reserved 1048576K
}
Event: 3.413 GC heap before
{Heap before GC invocations=6 (full 0):
 garbage-first heap   total 129024K, used 68284K [0x0000000082800000, 0x0000000100000000)
  region size 1024K, 47 young (48128K), 2 survivors (2048K)
 Metaspace       used 45755K, capacity 46307K, committed 46544K, reserved 1089536K
  class space    used 5510K, capacity 5720K, committed 5760K, reserved 1048576K
}
Event: 3.429 GC heap after
{Heap after GC invocations=7 (full 0):
 garbage-first heap   total 174080K, used 25454K [0x0000000082800000, 0x0000000100000000)
  region size 1024K, 6 young (6144K), 6 survivors (6144K)
 Metaspace       used 45755K, capacity 46307K, committed 46544K, reserved 1089536K
  class space    used 5510K, capacity 5720K, committed 5760K, reserved 1048576K
}
Event: 4.409 GC heap before
{Heap before GC invocations=8 (full 0):
 garbage-first heap   total 174080K, used 86894K [0x0000000082800000, 0x0000000100000000)
  region size 1024K, 65 young (66560K), 6 survivors (6144K)
 Metaspace       used 51638K, capacity 52224K, committed 52560K, reserved 1095680K
  class space    used 6048K, capacity 6282K, committed 6400K, reserved 1048576K
}
Event: 4.428 GC heap after
{Heap after GC invocations=9 (full 0):
 garbage-first heap   total 174080K, used 31958K [0x0000000082800000, 0x0000000100000000)
  region size 1024K, 9 young (9216K), 9 survivors (9216K)
 Metaspace       used 51638K, capacity 52224K, committed 52560K, reserved 1095680K
  class space    used 6048K, capacity 6282K, committed 6400K, reserved 1048576K
}
Event: 5.948 GC heap before
{Heap before GC invocations=9 (full 0):
 garbage-first heap   total 174080K, used 108758K [0x0000000082800000, 0x0000000100000000)
  region size 1024K, 84 young (86016K), 9 survivors (9216K)
 Metaspace       used 61375K, capacity 62109K, committed 62160K, reserved 1103872K
  class space    used 7227K, capacity 7531K, committed 7552K, reserved 1048576K
}
Event: 5.979 GC heap after
{Heap after GC invocations=10 (full 0):
 garbage-first heap   total 174080K, used 41289K [0x0000000082800000, 0x0000000100000000)
  region size 1024K, 9 young (9216K), 9 survivors (9216K)
 Metaspace       used 61375K, capacity 62109K, committed 62160K, reserved 1103872K
  class space    used 7227K, capacity 7531K, committed 7552K, reserved 1048576K
}

